<?xml version="1.0" encoding="UTF-8"?>
<!-- Generated by org.testng.reporters.JUnitReportReporter -->
<testsuite skipped="0" hostname="Sahana" name="runner.Test2" tests="1" failures="0" timestamp="2021-02-14T08:16:31 SGT" time="0.002" errors="0">
  <testcase name="test1" time="0.002" classname="runner.Test2"/>
  <system-out/>
</testsuite> <!-- runner.Test2 -->
